10 Apr 2021 21:04:38,511 INFO  repo.utils.DBUtils 30 getNewConnection - trying to connect to database ... jdbc:mariadb://ellascont.ro:43307/bug_tracking_system
10 Apr 2021 21:04:38,809 WARN  org.springframework.remoting.support.RemoteInvocationTraceInterceptor 90 invoke - Processing of RmiServiceExporter remote call resulted in fatal exception: service.IService.login
exceptions.RepoException: Invalid username/password!
	at repo.UserDbRepository.login(UserDbRepository.java:59) ~[main/:?]
	at service.Service.login(Service.java:93) ~[main/:?]
	at jdk.internal.reflect.NativeMethodAccessorImpl.invoke0(Native Method) ~[?:?]
	at jdk.internal.reflect.NativeMethodAccessorImpl.invoke(NativeMethodAccessorImpl.java:64) ~[?:?]
	at jdk.internal.reflect.DelegatingMethodAccessorImpl.invoke(DelegatingMethodAccessorImpl.java:43) ~[?:?]
	at java.lang.reflect.Method.invoke(Method.java:564) ~[?:?]
	at org.springframework.aop.support.AopUtils.invokeJoinpointUsingReflection(AopUtils.java:344) ~[spring-aop-5.3.4.jar:5.3.4]
	at org.springframework.aop.framework.ReflectiveMethodInvocation.invokeJoinpoint(ReflectiveMethodInvocation.java:198) ~[spring-aop-5.3.4.jar:5.3.4]
	at org.springframework.aop.framework.ReflectiveMethodInvocation.proceed(ReflectiveMethodInvocation.java:163) ~[spring-aop-5.3.4.jar:5.3.4]
	at org.springframework.remoting.support.RemoteInvocationTraceInterceptor.invoke(RemoteInvocationTraceInterceptor.java:80) ~[spring-context-5.3.4.jar:5.3.4]
	at org.springframework.aop.framework.ReflectiveMethodInvocation.proceed(ReflectiveMethodInvocation.java:186) ~[spring-aop-5.3.4.jar:5.3.4]
	at org.springframework.aop.framework.JdkDynamicAopProxy.invoke(JdkDynamicAopProxy.java:215) ~[spring-aop-5.3.4.jar:5.3.4]
	at com.sun.proxy.$Proxy20.login(Unknown Source) ~[?:?]
	at jdk.internal.reflect.NativeMethodAccessorImpl.invoke0(Native Method) ~[?:?]
	at jdk.internal.reflect.NativeMethodAccessorImpl.invoke(NativeMethodAccessorImpl.java:64) ~[?:?]
	at jdk.internal.reflect.DelegatingMethodAccessorImpl.invoke(DelegatingMethodAccessorImpl.java:43) ~[?:?]
	at java.lang.reflect.Method.invoke(Method.java:564) ~[?:?]
	at org.springframework.remoting.support.RemoteInvocation.invoke(RemoteInvocation.java:215) ~[spring-context-5.3.4.jar:5.3.4]
	at org.springframework.remoting.support.DefaultRemoteInvocationExecutor.invoke(DefaultRemoteInvocationExecutor.java:39) ~[spring-context-5.3.4.jar:5.3.4]
	at org.springframework.remoting.support.RemoteInvocationBasedExporter.invoke(RemoteInvocationBasedExporter.java:78) ~[spring-context-5.3.4.jar:5.3.4]
	at org.springframework.remoting.rmi.RmiBasedExporter.invoke(RmiBasedExporter.java:75) ~[spring-context-5.3.4.jar:5.3.4]
	at org.springframework.remoting.rmi.RmiInvocationWrapper.invoke(RmiInvocationWrapper.java:78) ~[spring-context-5.3.4.jar:5.3.4]
	at jdk.internal.reflect.NativeMethodAccessorImpl.invoke0(Native Method) ~[?:?]
	at jdk.internal.reflect.NativeMethodAccessorImpl.invoke(NativeMethodAccessorImpl.java:64) ~[?:?]
	at jdk.internal.reflect.DelegatingMethodAccessorImpl.invoke(DelegatingMethodAccessorImpl.java:43) ~[?:?]
	at java.lang.reflect.Method.invoke(Method.java:564) ~[?:?]
	at sun.rmi.server.UnicastServerRef.dispatch(UnicastServerRef.java:359) ~[?:?]
	at sun.rmi.transport.Transport$1.run(Transport.java:200) ~[?:?]
	at sun.rmi.transport.Transport$1.run(Transport.java:197) ~[?:?]
	at java.security.AccessController.doPrivileged(AccessController.java:691) [?:?]
	at sun.rmi.transport.Transport.serviceCall(Transport.java:196) ~[?:?]
	at sun.rmi.transport.tcp.TCPTransport.handleMessages(TCPTransport.java:587) ~[?:?]
	at sun.rmi.transport.tcp.TCPTransport$ConnectionHandler.run0(TCPTransport.java:828) ~[?:?]
	at sun.rmi.transport.tcp.TCPTransport$ConnectionHandler.lambda$run$0(TCPTransport.java:705) ~[?:?]
	at java.security.AccessController.doPrivileged(AccessController.java:391) [?:?]
	at sun.rmi.transport.tcp.TCPTransport$ConnectionHandler.run(TCPTransport.java:704) [?:?]
	at java.util.concurrent.ThreadPoolExecutor.runWorker(ThreadPoolExecutor.java:1130) [?:?]
	at java.util.concurrent.ThreadPoolExecutor$Worker.run(ThreadPoolExecutor.java:630) [?:?]
	at java.lang.Thread.run(Thread.java:832) [?:?]
10 Apr 2021 21:04:41,419 INFO  repo.utils.DBUtils 30 getNewConnection - trying to connect to database ... jdbc:mariadb://ellascont.ro:43307/bug_tracking_system
